\BOOKMARK [0][-]{chapter.1}{\376\377\000E\000x\000e\000c\000u\000t\000i\000v\000e\000\040\000S\000u\000m\000m\000a\000r\000y}{}% 1
\BOOKMARK [0][-]{chapter.2}{\376\377\000I\000n\000t\000r\000o\000d\000u\000c\000t\000i\000o\000n}{}% 2
\BOOKMARK [0][-]{chapter.3}{\376\377\000P\000a\000c\000t\000u\000s\000:\000\040\000T\000h\000e\000\040\000f\000u\000t\000u\000r\000e\000\040\000o\000f\000\040\000t\000h\000e\000\040\000D\000e\000c\000e\000n\000t\000r\000a\000l\000i\000z\000a\000t\000i\000o\000n}{}% 3
\BOOKMARK [1][-]{section*.2}{\376\377\000W\000h\000a\000t\000\040\000i\000s\000\040\000P\000a\000c\000t\000u\000s\000?}{chapter.3}% 4
\BOOKMARK [2][-]{section*.2}{\376\377\000M\000i\000s\000s\000i\000o\000n\000\040\000a\000n\000d\000\040\000V\000i\000s\000i\000o\000n}{chapter.3}% 5
\BOOKMARK [2][-]{section*.2}{\376\377\000W\000h\000y\000\040\000j\000o\000i\000n\000\040\000P\000a\000c\000t\000u\000s\000?}{chapter.3}% 6
\BOOKMARK [0][-]{chapter.4}{\376\377\000C\000o\000n\000s\000e\000n\000s\000u\000s\000\040\000A\000l\000g\000o\000r\000i\000t\000h\000m\000:\000\040\000S\000o\000l\000i\000d\000\040\000S\000t\000a\000t\000e\000\040\000P\000r\000o\000o\000f\000\040\000o\000f\000\040\000S\000t\000a\000k\000e\000\040\000\050\000S\000S\000P\000o\000S\000\051}{}% 7
\BOOKMARK [1][-]{section*.3}{\376\377\000O\000v\000e\000r\000v\000i\000e\000w}{chapter.4}% 8
\BOOKMARK [2][-]{figure.caption.5}{\376\377\000S\000o\000l\000i\000d\000\040\000S\000t\000a\000t\000e\000\040\000P\000r\000o\000o\000f\000\040\000o\000f\000\040\000S\000t\000a\000k\000e\000\040\000a\000l\000g\000o\000r\000i\000t\000h\000m}{chapter.4}% 9
\BOOKMARK [2][-]{equation.4.0.2}{\376\377\000S\000p\000e\000c\000i\000f\000i\000c\000a\000t\000i\000o\000n}{chapter.4}% 10
\BOOKMARK [2][-]{equation.4.0.2}{\376\377\000S\000o\000r\000t\000i\000t\000i\000o\000n\000\040\000A\000l\000g\000o\000r\000i\000t\000h\000m}{chapter.4}% 11
\BOOKMARK [2][-]{Item.3}{\376\377\000C\000o\000m\000m\000i\000t\000t\000e\000e}{chapter.4}% 12
\BOOKMARK [2][-]{figure.caption.8}{\376\377\000C\000o\000n\000s\000e\000n\000s\000u\000s\000\040\000P\000a\000r\000a\000m\000e\000t\000e\000r\000s}{chapter.4}% 13
\BOOKMARK [0][-]{chapter.5}{\376\377\000R\000o\000a\000d\000m\000a\000p\000\040\000o\000f\000\040\000P\000a\000c\000t\000u\000s}{}% 14
\BOOKMARK [1][-]{section*.9}{\376\377\000A\000l\000p\000h\000a\000\040\000P\000h\000a\000s\000e\000:\000\040\0002\0000\0002\0000\000\040\000t\000o\000\040\0002\0000\0002\0002\000\040\000\050\000T\000h\000e\000\040\000B\000i\000r\000t\000h\000\040\000o\000f\000\040\000a\000n\000\040\000I\000d\000e\000a\000\051}{chapter.5}% 15
\BOOKMARK [2][-]{section*.9}{\376\377\000B\000e\000t\000a\000\040\000P\000h\000a\000s\000e\000:\000\040\0002\0000\0002\0002\000\040\000t\000o\000\040\0002\0000\0002\0004\000\040\000\050\000T\000h\000e\000\040\000E\000s\000t\000a\000b\000l\000i\000s\000h\000m\000e\000n\000t\000\051}{chapter.5}% 16
\BOOKMARK [2][-]{section*.9}{\376\377\000G\000a\000m\000m\000a\000\040\000P\000h\000a\000s\000e\000:\000\040\0002\0000\0002\0004\000\040\000t\000o\000\040\0002\0000\0002\0005\000\040\000\050\000W\000e\000\040\000H\000a\000v\000e\000\040\000a\000\040\000D\000r\000e\000a\000m\000\051}{chapter.5}% 17
\BOOKMARK [2][-]{section*.9}{\376\377\000D\000e\000l\000t\000a\000\040\000P\000h\000a\000s\000e\000:\000\040\0002\0000\0002\0005\000\040\000\050\000S\000m\000a\000r\000t\000\040\000C\000o\000n\000t\000r\000a\000c\000t\000\051}{chapter.5}% 18
\BOOKMARK [0][-]{chapter.6}{\376\377\000T\000o\000k\000e\000n\000o\000m\000i\000c\000s\000\040\000o\000f\000\040\000P\000a\000c\000t\000u\000s}{}% 19
\BOOKMARK [1][-]{section*.10}{\376\377\000G\000e\000n\000e\000s\000i\000s\000\040\000C\000o\000i\000n\000s}{chapter.6}% 20
\BOOKMARK [2][-]{section*.10}{\376\377\000B\000l\000o\000c\000k\000\040\000R\000e\000w\000a\000r\000d\000s}{chapter.6}% 21
\BOOKMARK [0][-]{chapter.7}{\376\377\000C\000o\000n\000c\000l\000u\000s\000i\000o\000n}{}% 22
